<?xml version="1.0" encoding="UTF-8"?>
<coverage generated="1675275064558" clover="3.2.0">
  <project timestamp="1675275064558" name="All files">
    <metrics statements="56" coveredstatements="56" conditionals="57" coveredconditionals="57" methods="14" coveredmethods="14" elements="127" coveredelements="127" complexity="0" loc="56" ncloc="56" packages="2" files="3" classes="3"/>
    <package name="2">
      <metrics statements="23" coveredstatements="23" conditionals="26" coveredconditionals="26" methods="5" coveredmethods="5"/>
      <file name="main.ts" path="/Users/downtownit/development/branas.io/ccca10/src/2/main.ts">
        <metrics statements="23" coveredstatements="23" conditionals="26" coveredconditionals="26" methods="5" coveredmethods="5"/>
        <line num="2" count="10" type="stmt"/>
        <line num="6" count="20" type="cond" truecount="2" falsecount="0"/>
        <line num="10" count="7" type="cond" truecount="4" falsecount="0"/>
        <line num="14" count="6" type="cond" truecount="4" falsecount="0"/>
        <line num="17" count="1" type="stmt"/>
        <line num="18" count="1" type="stmt"/>
        <line num="19" count="1" type="stmt"/>
        <line num="20" count="1" type="stmt"/>
        <line num="21" count="1" type="stmt"/>
        <line num="23" count="1" type="stmt"/>
        <line num="24" count="7" type="stmt"/>
        <line num="25" count="7" type="stmt"/>
        <line num="26" count="7" type="cond" truecount="1" falsecount="0"/>
        <line num="27" count="6" type="cond" truecount="1" falsecount="0"/>
        <line num="28" count="5" type="cond" truecount="3" falsecount="0"/>
        <line num="29" count="2" type="stmt"/>
        <line num="31" count="5" type="cond" truecount="3" falsecount="0"/>
        <line num="32" count="1" type="stmt"/>
        <line num="34" count="5" type="cond" truecount="3" falsecount="0"/>
        <line num="35" count="1" type="stmt"/>
        <line num="37" count="5" type="cond" truecount="3" falsecount="0"/>
        <line num="38" count="1" type="stmt"/>
        <line num="41" count="5" type="cond" truecount="2" falsecount="0"/>
      </file>
    </package>
    <package name="3">
      <metrics statements="33" coveredstatements="33" conditionals="31" coveredconditionals="31" methods="9" coveredmethods="9"/>
      <file name="Ride.ts" path="/Users/downtownit/development/branas.io/ccca10/src/3/Ride.ts">
        <metrics statements="24" coveredstatements="24" conditionals="15" coveredconditionals="15" methods="3" coveredmethods="3"/>
        <line num="1" count="1" type="stmt"/>
        <line num="3" count="1" type="stmt"/>
        <line num="4" count="11" type="stmt"/>
        <line num="5" count="11" type="stmt"/>
        <line num="6" count="11" type="stmt"/>
        <line num="7" count="11" type="stmt"/>
        <line num="8" count="11" type="stmt"/>
        <line num="9" count="11" type="stmt"/>
        <line num="14" count="11" type="stmt"/>
        <line num="18" count="11" type="stmt"/>
        <line num="22" count="9" type="stmt"/>
        <line num="23" count="9" type="stmt"/>
        <line num="24" count="9" type="cond" truecount="1" falsecount="0"/>
        <line num="25" count="4" type="stmt"/>
        <line num="26" count="4" type="stmt"/>
        <line num="28" count="5" type="cond" truecount="3" falsecount="0"/>
        <line num="29" count="1" type="stmt"/>
        <line num="31" count="5" type="cond" truecount="3" falsecount="0"/>
        <line num="32" count="1" type="stmt"/>
        <line num="34" count="5" type="cond" truecount="3" falsecount="0"/>
        <line num="35" count="1" type="stmt"/>
        <line num="37" count="5" type="cond" truecount="3" falsecount="0"/>
        <line num="38" count="2" type="stmt"/>
        <line num="41" count="9" type="cond" truecount="2" falsecount="0"/>
      </file>
      <file name="Segment.ts" path="/Users/downtownit/development/branas.io/ccca10/src/3/Segment.ts">
        <metrics statements="9" coveredstatements="9" conditionals="16" coveredconditionals="16" methods="6" coveredmethods="6"/>
        <line num="1" count="1" type="stmt"/>
        <line num="3" count="11" type="stmt"/>
        <line num="4" count="11" type="cond" truecount="1" falsecount="0"/>
        <line num="5" count="10" type="cond" truecount="1" falsecount="0"/>
        <line num="9" count="11" type="cond" truecount="4" falsecount="0"/>
        <line num="13" count="10" type="cond" truecount="4" falsecount="0"/>
        <line num="17" count="10" type="stmt"/>
        <line num="21" count="20" type="cond" truecount="2" falsecount="0"/>
        <line num="25" count="9" type="cond" truecount="4" falsecount="0"/>
      </file>
    </package>
  </project>
</coverage>
