TN:
SF:src/2/main.ts
FN:1,isSunday
FN:5,isOvernight
FN:9,isValidDistance
FN:13,isValidDate
FN:23,calculateRide
FNF:5
FNH:5
FNDA:10,isSunday
FNDA:20,isOvernight
FNDA:7,isValidDistance
FNDA:6,isValidDate
FNDA:7,calculateRide
DA:2,10
DA:6,20
DA:10,7
DA:14,6
DA:17,1
DA:18,1
DA:19,1
DA:20,1
DA:21,1
DA:23,1
DA:24,7
DA:25,7
DA:26,7
DA:27,6
DA:28,5
DA:29,2
DA:31,5
DA:32,1
DA:34,5
DA:35,1
DA:37,5
DA:38,1
DA:41,5
LF:23
LH:23
BRDA:6,0,0,20
BRDA:6,0,1,12
BRDA:10,1,0,7
BRDA:10,1,1,7
BRDA:10,1,2,7
BRDA:10,1,3,7
BRDA:14,2,0,6
BRDA:14,2,1,6
BRDA:14,2,2,6
BRDA:14,2,3,6
BRDA:26,3,0,1
BRDA:27,4,0,1
BRDA:28,5,0,2
BRDA:28,6,0,5
BRDA:28,6,1,3
BRDA:31,7,0,1
BRDA:31,8,0,5
BRDA:31,8,1,3
BRDA:34,9,0,1
BRDA:34,10,0,5
BRDA:34,10,1,2
BRDA:37,11,0,1
BRDA:37,12,0,5
BRDA:37,12,1,2
BRDA:41,13,0,1
BRDA:41,13,1,4
BRF:26
BRH:26
end_of_record
TN:
SF:src/3/Ride.ts
FN:13,(anonymous_1)
FN:17,(anonymous_2)
FN:21,(anonymous_3)
FNF:3
FNH:3
FNDA:11,(anonymous_1)
FNDA:11,(anonymous_2)
FNDA:9,(anonymous_3)
DA:1,1
DA:3,1
DA:4,11
DA:5,11
DA:6,11
DA:7,11
DA:8,11
DA:9,11
DA:14,11
DA:18,11
DA:22,9
DA:23,9
DA:24,9
DA:25,4
DA:26,4
DA:28,5
DA:29,1
DA:31,5
DA:32,1
DA:34,5
DA:35,1
DA:37,5
DA:38,2
DA:41,9
LF:24
LH:24
BRDA:24,0,0,4
BRDA:28,1,0,1
BRDA:28,2,0,5
BRDA:28,2,1,2
BRDA:31,3,0,1
BRDA:31,4,0,5
BRDA:31,4,1,2
BRDA:34,5,0,1
BRDA:34,6,0,5
BRDA:34,6,1,3
BRDA:37,7,0,2
BRDA:37,8,0,5
BRDA:37,8,1,3
BRDA:41,9,0,1
BRDA:41,9,1,8
BRF:15
BRH:15
end_of_record
TN:
SF:src/3/Segment.ts
FN:3,(anonymous_0)
FN:8,(anonymous_1)
FN:12,(anonymous_2)
FN:16,(anonymous_3)
FN:20,(anonymous_4)
FN:24,(anonymous_5)
FNF:6
FNH:6
FNDA:11,(anonymous_0)
FNDA:11,(anonymous_1)
FNDA:10,(anonymous_2)
FNDA:10,(anonymous_3)
FNDA:20,(anonymous_4)
FNDA:9,(anonymous_5)
DA:1,1
DA:3,11
DA:4,11
DA:5,10
DA:9,11
DA:13,10
DA:17,10
DA:21,20
DA:25,9
LF:9
LH:9
BRDA:4,0,0,1
BRDA:5,1,0,1
BRDA:9,2,0,11
BRDA:9,2,1,11
BRDA:9,2,2,11
BRDA:9,2,3,11
BRDA:13,3,0,10
BRDA:13,3,1,10
BRDA:13,3,2,10
BRDA:13,3,3,10
BRDA:21,4,0,20
BRDA:21,4,1,12
BRDA:25,5,0,9
BRDA:25,5,1,9
BRDA:25,5,2,5
BRDA:25,5,3,2
BRF:16
BRH:16
end_of_record
